<?xml version="1.0" encoding="UTF-8"?>
<!-- Generated by org.testng.reporters.JUnitReportReporter -->
<testsuite hostname="i-PC" name="SL8Z.Project2.Create_New_Search" tests="1" failures="0" timestamp="22 Jan 2014 06:58:51 GMT" time="169.235" errors="0">
  <testcase name="Login" time="169.235" classname="SL8Z.Project2.Create_New_Search"/>
</testsuite> <!-- SL8Z.Project2.Create_New_Search -->
